2025-08-25 00:00:42,569 [INFO] Activator:176 - 


2025-08-25 00:00:42,581 [INFO] Activator:177 - !SESSION log4j initialized
2025-08-25 00:00:53,158 [INFO] LogOutputStream:77 - [STDOUT_REDIRECT] 
2025-08-25 00:00:54,603 [INFO] ApplicationProperties:184 - Using Application install path: D:\STM32CubeIDE_1.19.0\STM32CubeIDE\plugins\com.st.stm32cube.common.mx_6.15.0.202507011659
2025-08-25 00:00:54,632 [INFO] DbMcusXml:78 - Set database path to: D:\STM32CubeIDE_1.19.0\STM32CubeIDE\plugins\com.st.stm32cube.common.mx_6.15.0.202507011659\\db\/mcu/
2025-08-25 00:00:54,632 [INFO] ApiDb:274 - Set plugin database path to: D:\STM32CubeIDE_1.19.0\STM32CubeIDE\plugins\com.st.stm32cube.common.mx_6.15.0.202507011659\\db\/plugins/boardmanager/
2025-08-25 00:00:54,634 [WARN] ApiDb:259 - Overriding images path with different value:  => D:\STM32CubeIDE_1.19.0\STM32CubeIDE\plugins\com.st.stm32cube.common.mx_6.15.0.202507011659\\db\/plugins/mcufinder/images/
2025-08-25 00:00:54,651 [INFO] ApiDb:250 - Set database path to: C:\Users\Acer\.stmcufinder\plugins\mcufinder//mcu/
2025-08-25 00:00:54,653 [INFO] DbMcusAds:125 - Set database path to: C:\Users\Acer\.stmcufinder\plugins\mcufinder//mcu/
2025-08-25 00:00:54,657 [INFO] CrossReferenceDbSqlite:203 - Set database path to: C:\Users\Acer\.stmcufinder\plugins\mcufinder//mcu/cs/
2025-08-25 00:00:54,841 [INFO] RulesReader:64 - Compatibility file has been processed (317 Rules)
2025-08-25 00:00:54,979 [INFO] DbMcusXml:78 - Set database path to: D:\STM32CubeIDE_1.19.0\STM32CubeIDE\plugins\com.st.stm32cube.common.mx_6.15.0.202507011659\\db\/mcu/
2025-08-25 00:00:54,979 [INFO] ApiDb:274 - Set plugin database path to: D:\STM32CubeIDE_1.19.0\STM32CubeIDE\plugins\com.st.stm32cube.common.mx_6.15.0.202507011659\\db\/plugins/boardmanager/
2025-08-25 00:00:54,980 [INFO] ApiDb:261 - Set plugin images path to: D:\STM32CubeIDE_1.19.0\STM32CubeIDE\plugins\com.st.stm32cube.common.mx_6.15.0.202507011659\\db\/plugins/mcufinder/images/
2025-08-25 00:00:54,980 [WARN] DbFile:41 - Overriding database path with different value: C:\Users\Acer\.stmcufinder\plugins\mcufinder/ => C:\Users\Acer\.stmcufinder\plugins\mcufinder
2025-08-25 00:00:54,980 [INFO] ApiDb:250 - Set database path to: C:\Users\Acer\.stmcufinder\plugins\mcufinder//mcu/
2025-08-25 00:00:54,980 [WARN] DbFile:41 - Overriding database path with different value: C:\Users\Acer\.stmcufinder\plugins\mcufinder/ => C:\Users\Acer\.stmcufinder\plugins\mcufinder
2025-08-25 00:00:54,980 [INFO] DbMcusAds:125 - Set database path to: C:\Users\Acer\.stmcufinder\plugins\mcufinder//mcu/
2025-08-25 00:00:54,980 [WARN] DbFile:41 - Overriding database path with different value: C:\Users\Acer\.stmcufinder\plugins\mcufinder/ => C:\Users\Acer\.stmcufinder\plugins\mcufinder
2025-08-25 00:00:54,981 [WARN] DbFile:41 - Overriding database path with different value: C:\Users\Acer\.stmcufinder\plugins\mcufinder/ => C:\Users\Acer\.stmcufinder\plugins\mcufinder
2025-08-25 00:00:54,981 [INFO] CrossReferenceDbSqlite:203 - Set database path to: C:\Users\Acer\.stmcufinder\plugins\mcufinder//mcu/cs/
2025-08-25 00:00:55,145 [INFO] MainPanel:274 - HeapMemory: 268435456
2025-08-25 00:00:55,381 [INFO] DbMcusXml:78 - Set database path to: D:\STM32CubeIDE_1.19.0\STM32CubeIDE\plugins\com.st.stm32cube.common.mx_6.15.0.202507011659\\db\/mcu/
2025-08-25 00:00:55,381 [INFO] ApiDb:274 - Set plugin database path to: D:\STM32CubeIDE_1.19.0\STM32CubeIDE\plugins\com.st.stm32cube.common.mx_6.15.0.202507011659\\db\/plugins/boardmanager/
2025-08-25 00:00:55,381 [INFO] ApiDb:261 - Set plugin images path to: D:\STM32CubeIDE_1.19.0\STM32CubeIDE\plugins\com.st.stm32cube.common.mx_6.15.0.202507011659\\db\/plugins/mcufinder/images/
2025-08-25 00:00:55,382 [WARN] DbFile:41 - Overriding database path with different value: C:\Users\Acer\.stmcufinder\plugins\mcufinder/ => C:\Users\Acer\.stmcufinder\plugins\mcufinder
2025-08-25 00:00:55,383 [INFO] ApiDb:250 - Set database path to: C:\Users\Acer\.stmcufinder\plugins\mcufinder//mcu/
2025-08-25 00:00:55,383 [WARN] DbFile:41 - Overriding database path with different value: C:\Users\Acer\.stmcufinder\plugins\mcufinder/ => C:\Users\Acer\.stmcufinder\plugins\mcufinder
2025-08-25 00:00:55,383 [INFO] DbMcusAds:125 - Set database path to: C:\Users\Acer\.stmcufinder\plugins\mcufinder//mcu/
2025-08-25 00:00:55,383 [WARN] DbFile:41 - Overriding database path with different value: C:\Users\Acer\.stmcufinder\plugins\mcufinder/ => C:\Users\Acer\.stmcufinder\plugins\mcufinder
2025-08-25 00:00:55,383 [WARN] DbFile:41 - Overriding database path with different value: C:\Users\Acer\.stmcufinder\plugins\mcufinder/ => C:\Users\Acer\.stmcufinder\plugins\mcufinder
2025-08-25 00:00:55,384 [INFO] CrossReferenceDbSqlite:203 - Set database path to: C:\Users\Acer\.stmcufinder\plugins\mcufinder//mcu/cs/
2025-08-25 00:00:55,417 [INFO] ApplicationProperties:184 - Using Application install path: D:\STM32CubeIDE_1.19.0\STM32CubeIDE\plugins\com.st.stm32cube.common.mx_6.15.0.202507011659
2025-08-25 00:00:55,419 [INFO] PluginManage:196 - Search for loadable plugins [exclusion list=, ]
2025-08-25 00:00:55,422 [INFO] PluginManage:310 - Check plugin analytics
2025-08-25 00:00:55,740 [INFO] AnalyticsPlugin:253 - Accepted Software Licenses: STM32CubeMX.6.14.1
2025-08-25 00:00:55,740 [INFO] AnalyticsPlugin:255 - Accepted CMSIS Pack Licenses: STMicroelectronics.X-CUBE-TOUCHGFX.4.16.1
2025-08-25 00:00:55,740 [INFO] AnalyticsPlugin:257 - Accepted Firmware Licenses: FW.F4.1.28.0
2025-08-25 00:00:55,745 [INFO] PluginManage:359 - Loaded plugin analytics (category:tool,tabindex:-1)
2025-08-25 00:00:55,745 [INFO] PluginManage:310 - Check plugin cadmodel
2025-08-25 00:00:55,755 [INFO] CADModel:105 - Init CAD model plugin
2025-08-25 00:00:55,755 [INFO] PluginManage:359 - Loaded plugin cadmodel (category:power,tabindex:5)
2025-08-25 00:00:55,755 [INFO] PluginManage:310 - Check plugin clock
2025-08-25 00:00:55,776 [INFO] PluginManage:359 - Loaded plugin clock (category:base,tabindex:2)
2025-08-25 00:00:55,776 [INFO] PluginManage:310 - Check plugin ddr
2025-08-25 00:00:55,782 [INFO] PluginManage:359 - Loaded plugin ddr (category:tool,tabindex:6)
2025-08-25 00:00:55,782 [INFO] PluginManage:310 - Check plugin filemanager
2025-08-25 00:00:56,021 [INFO] PluginManage:359 - Loaded plugin filemanager (category:base,tabindex:10)
2025-08-25 00:00:56,022 [INFO] PluginManage:310 - Check plugin ipmanager
2025-08-25 00:00:56,031 [INFO] PluginManage:359 - Loaded plugin ipmanager (category:base,tabindex:5)
2025-08-25 00:00:56,031 [INFO] PluginManage:310 - Check plugin lpbam
2025-08-25 00:00:56,044 [INFO] PluginManage:359 - Loaded plugin lpbam (category:base,tabindex:0)
2025-08-25 00:00:56,044 [INFO] PluginManage:310 - Check plugin memorymap
2025-08-25 00:00:56,072 [INFO] PluginManage:359 - Loaded plugin memorymap (category:base,tabindex:4)
2025-08-25 00:00:56,072 [INFO] PluginManage:310 - Check plugin pinoutandconfiguration
2025-08-25 00:00:56,088 [INFO] PluginManage:359 - Loaded plugin pinoutandconfiguration (category:base,tabindex:1)
2025-08-25 00:00:56,089 [INFO] PluginManage:310 - Check plugin pinoutconfig
2025-08-25 00:00:56,260 [WARN] SupportedApi:132 - Cannot load RTOS API schema: s4s-elt-must-match.1: The content of 'definitions' must match (annotation?, (simpleType | complexType)?, (unique | key | keyref)*)). A problem was found starting at: attribute.
2025-08-25 00:00:56,531 [INFO] PluginManage:359 - Loaded plugin pinoutconfig (category:base,tabindex:0)
2025-08-25 00:00:56,531 [INFO] PluginManage:310 - Check plugin power
2025-08-25 00:00:56,546 [INFO] PluginManage:359 - Loaded plugin power (category:power,tabindex:4)
2025-08-25 00:00:56,546 [INFO] PluginManage:310 - Check plugin projectmanager
2025-08-25 00:00:56,576 [INFO] PluginManage:359 - Loaded plugin projectmanager (category:projectmanager,tabindex:4)
2025-08-25 00:00:56,576 [INFO] PluginManage:310 - Check plugin rif
2025-08-25 00:00:56,592 [INFO] PluginManage:359 - Loaded plugin rif (category:base,tabindex:3)
2025-08-25 00:00:56,593 [INFO] PluginManage:310 - Check plugin thirdparty
2025-08-25 00:00:56,815 [INFO] PluginManage:359 - Loaded plugin thirdparty (category:base,tabindex:-1)
2025-08-25 00:00:56,815 [WARN] IntegrityCheckThread:84 - waiting for thirdparty lock release [integrity check]
2025-08-25 00:00:56,816 [INFO] PluginManage:310 - Check plugin tools
2025-08-25 00:00:56,816 [INFO] IntegrityCheckThread:86 - entering critical section [integrity check]
2025-08-25 00:00:56,817 [INFO] ThirdPartyUpdaterWithRetryManager:70 - Updater plugin not ready yet. [1/15]
2025-08-25 00:00:56,822 [INFO] PluginManage:359 - Loaded plugin tools (category:base,tabindex:7)
2025-08-25 00:00:56,822 [INFO] PluginManage:310 - Check plugin tutovideos
2025-08-25 00:00:57,168 [INFO] PluginManage:359 - Loaded plugin tutovideos (category:base,tabindex:-1)
2025-08-25 00:00:57,168 [INFO] PluginManage:310 - Check plugin updater
2025-08-25 00:00:57,202 [INFO] PluginManage:359 - Loaded plugin updater (category:base,tabindex:12)
2025-08-25 00:00:57,202 [INFO] PluginManage:310 - Check plugin userauth
2025-08-25 00:00:57,209 [INFO] UserAuth:118 - Init User Auth plugin
2025-08-25 00:00:57,211 [INFO] PluginManage:359 - Loaded plugin userauth (category:base,tabindex:14)
2025-08-25 00:00:57,212 [INFO] PluginManage:283 - PluginManage : Loaded plugins [18]
2025-08-25 00:00:57,650 [INFO] PinOutPanel:1589 - setPackage(No Configuration,No Configuration)
2025-08-25 00:00:57,788 [INFO] CADModel:165 - CPN selected for project level
2025-08-25 00:00:57,788 [INFO] CADModel:114 - Register for checkConnection events
2025-08-25 00:00:57,819 [INFO] IPUIPlugin:80 - create IPUIPlugin
2025-08-25 00:00:57,820 [INFO] PluginManager:220 - loadIPPluginJar : add adc
2025-08-25 00:00:57,824 [INFO] IPUIPlugin:80 - create IPUIPlugin
2025-08-25 00:00:57,825 [INFO] PluginManager:220 - loadIPPluginJar : add aes
2025-08-25 00:00:57,830 [INFO] IPUIPlugin:80 - create IPUIPlugin
2025-08-25 00:00:57,830 [INFO] PluginManager:220 - loadIPPluginJar : add can
2025-08-25 00:00:57,833 [INFO] IPUIPlugin:80 - create IPUIPlugin
2025-08-25 00:00:57,833 [INFO] PluginManager:220 - loadIPPluginJar : add comp
2025-08-25 00:00:57,838 [INFO] IPUIPlugin:80 - create IPUIPlugin
2025-08-25 00:00:57,838 [INFO] PluginManager:220 - loadIPPluginJar : add cryp
2025-08-25 00:00:57,844 [INFO] IPUIPlugin:80 - create IPUIPlugin
2025-08-25 00:00:57,844 [INFO] PluginManager:220 - loadIPPluginJar : add ddr_ctrl_phy
2025-08-25 00:00:57,848 [INFO] IPUIPlugin:80 - create IPUIPlugin
2025-08-25 00:00:57,849 [INFO] PluginManager:220 - loadIPPluginJar : add dfsdm
2025-08-25 00:00:57,857 [INFO] IPUIPlugin:80 - create IPUIPlugin
2025-08-25 00:00:57,858 [INFO] PluginManager:220 - loadIPPluginJar : add dma
2025-08-25 00:00:57,862 [INFO] IPUIPlugin:80 - create IPUIPlugin
2025-08-25 00:00:57,862 [INFO] PluginManager:220 - loadIPPluginJar : add dma3
2025-08-25 00:00:57,866 [INFO] IPUIPlugin:80 - create IPUIPlugin
2025-08-25 00:00:57,866 [INFO] PluginManager:220 - loadIPPluginJar : add extmemmanager
2025-08-25 00:00:57,869 [INFO] IPUIPlugin:80 - create IPUIPlugin
2025-08-25 00:00:57,871 [INFO] PluginManager:220 - loadIPPluginJar : add fatfs
2025-08-25 00:00:57,878 [INFO] IPUIPlugin:80 - create IPUIPlugin
2025-08-25 00:00:57,878 [INFO] PluginManager:220 - loadIPPluginJar : add fmc
2025-08-25 00:00:57,887 [INFO] IPUIPlugin:80 - create IPUIPlugin
2025-08-25 00:00:57,888 [INFO] PluginManager:220 - loadIPPluginJar : add freertos
2025-08-25 00:00:57,891 [INFO] IPUIPlugin:80 - create IPUIPlugin
2025-08-25 00:00:57,891 [INFO] PluginManager:220 - loadIPPluginJar : add genericplugin
2025-08-25 00:00:57,897 [INFO] IPUIPlugin:80 - create IPUIPlugin
2025-08-25 00:00:57,897 [INFO] PluginManager:220 - loadIPPluginJar : add gfxmmu
2025-08-25 00:00:57,905 [INFO] IPUIPlugin:80 - create IPUIPlugin
2025-08-25 00:00:57,905 [INFO] PluginManager:220 - loadIPPluginJar : add gic
2025-08-25 00:00:57,912 [INFO] IPUIPlugin:80 - create IPUIPlugin
2025-08-25 00:00:57,912 [INFO] PluginManager:220 - loadIPPluginJar : add gpio
2025-08-25 00:00:57,917 [INFO] IPUIPlugin:80 - create IPUIPlugin
2025-08-25 00:00:57,917 [INFO] PluginManager:220 - loadIPPluginJar : add gtzc
2025-08-25 00:00:57,924 [INFO] IPUIPlugin:80 - create IPUIPlugin
2025-08-25 00:00:57,925 [INFO] PluginManager:220 - loadIPPluginJar : add hash
2025-08-25 00:00:57,930 [INFO] IPUIPlugin:80 - create IPUIPlugin
2025-08-25 00:00:57,930 [INFO] PluginManager:220 - loadIPPluginJar : add i2c
2025-08-25 00:00:57,935 [INFO] IPUIPlugin:80 - create IPUIPlugin
2025-08-25 00:00:57,935 [INFO] PluginManager:220 - loadIPPluginJar : add i2s
2025-08-25 00:00:57,941 [INFO] IPUIPlugin:80 - create IPUIPlugin
2025-08-25 00:00:57,941 [INFO] PluginManager:220 - loadIPPluginJar : add i3c
2025-08-25 00:00:57,946 [INFO] IPUIPlugin:80 - create IPUIPlugin
2025-08-25 00:00:57,947 [INFO] PluginManager:220 - loadIPPluginJar : add ipddr
2025-08-25 00:00:57,957 [INFO] IPUIPlugin:80 - create IPUIPlugin
2025-08-25 00:00:57,957 [INFO] PluginManager:220 - loadIPPluginJar : add linkedlist
2025-08-25 00:00:57,963 [INFO] IPUIPlugin:80 - create IPUIPlugin
2025-08-25 00:00:57,963 [INFO] PluginManager:220 - loadIPPluginJar : add lorawan
2025-08-25 00:00:57,966 [INFO] IPUIPlugin:80 - create IPUIPlugin
2025-08-25 00:00:57,966 [INFO] PluginManager:220 - loadIPPluginJar : add ltdc
2025-08-25 00:00:57,975 [INFO] IPUIPlugin:80 - create IPUIPlugin
2025-08-25 00:00:57,975 [INFO] PluginManager:220 - loadIPPluginJar : add mdma
2025-08-25 00:00:57,981 [INFO] IPUIPlugin:80 - create IPUIPlugin
2025-08-25 00:00:57,981 [INFO] PluginManager:220 - loadIPPluginJar : add nvic
2025-08-25 00:00:57,986 [INFO] IPUIPlugin:80 - create IPUIPlugin
2025-08-25 00:00:57,987 [INFO] PluginManager:220 - loadIPPluginJar : add opamp
2025-08-25 00:00:57,992 [INFO] IPUIPlugin:80 - create IPUIPlugin
2025-08-25 00:00:57,992 [INFO] PluginManager:220 - loadIPPluginJar : add openamp
2025-08-25 00:00:57,998 [INFO] IPUIPlugin:80 - create IPUIPlugin
2025-08-25 00:00:57,998 [INFO] PluginManager:220 - loadIPPluginJar : add pdm2pcm
2025-08-25 00:00:58,008 [INFO] IPUIPlugin:80 - create IPUIPlugin
2025-08-25 00:00:58,011 [INFO] PluginManager:220 - loadIPPluginJar : add plateformsettings
2025-08-25 00:00:58,014 [INFO] IPUIPlugin:80 - create IPUIPlugin
2025-08-25 00:00:58,014 [INFO] PluginManager:220 - loadIPPluginJar : add quadspi
2025-08-25 00:00:58,017 [INFO] IPUIPlugin:80 - create IPUIPlugin
2025-08-25 00:00:58,019 [INFO] PluginManager:220 - loadIPPluginJar : add radio
2025-08-25 00:00:58,025 [INFO] IPUIPlugin:80 - create IPUIPlugin
2025-08-25 00:00:58,025 [INFO] PluginManager:220 - loadIPPluginJar : add resmgrutility
2025-08-25 00:00:58,030 [INFO] IPUIPlugin:80 - create IPUIPlugin
2025-08-25 00:00:58,030 [INFO] PluginManager:220 - loadIPPluginJar : add sai
2025-08-25 00:00:58,034 [INFO] IPUIPlugin:80 - create IPUIPlugin
2025-08-25 00:00:58,034 [INFO] PluginManager:220 - loadIPPluginJar : add spi
2025-08-25 00:00:58,043 [INFO] IPUIPlugin:80 - create IPUIPlugin
2025-08-25 00:00:58,043 [INFO] PluginManager:220 - loadIPPluginJar : add stm32_wpan
2025-08-25 00:00:58,048 [INFO] IPUIPlugin:80 - create IPUIPlugin
2025-08-25 00:00:58,048 [INFO] PluginManager:220 - loadIPPluginJar : add tim
2025-08-25 00:00:58,053 [INFO] IPUIPlugin:80 - create IPUIPlugin
2025-08-25 00:00:58,053 [INFO] PluginManager:220 - loadIPPluginJar : add touchsensing
2025-08-25 00:00:58,056 [INFO] IPUIPlugin:80 - create IPUIPlugin
2025-08-25 00:00:58,058 [INFO] PluginManager:220 - loadIPPluginJar : add tracer_emb
2025-08-25 00:00:58,061 [INFO] IPUIPlugin:80 - create IPUIPlugin
2025-08-25 00:00:58,061 [INFO] PluginManager:220 - loadIPPluginJar : add ts
2025-08-25 00:00:58,065 [INFO] IPUIPlugin:80 - create IPUIPlugin
2025-08-25 00:00:58,065 [INFO] PluginManager:220 - loadIPPluginJar : add tsc
2025-08-25 00:00:58,068 [INFO] IPUIPlugin:80 - create IPUIPlugin
2025-08-25 00:00:58,068 [INFO] PluginManager:220 - loadIPPluginJar : add ucpd
2025-08-25 00:00:58,074 [INFO] IPUIPlugin:80 - create IPUIPlugin
2025-08-25 00:00:58,074 [INFO] PluginManager:220 - loadIPPluginJar : add usart
2025-08-25 00:00:58,080 [INFO] IPUIPlugin:80 - create IPUIPlugin
2025-08-25 00:00:58,080 [INFO] PluginManager:220 - loadIPPluginJar : add usbx
2025-08-25 00:00:58,237 [FATAL] Updater:351 - Updater called before beeing initialized
2025-08-25 00:00:58,272 [INFO] RulesReader:64 - Compatibility file has been processed (317 Rules)
2025-08-25 00:00:58,289 [INFO] RulesReader:64 - Compatibility file has been processed (317 Rules)
2025-08-25 00:00:58,301 [INFO] CADModel:165 - CPN selected for project level
2025-08-25 00:00:58,301 [INFO] CADModel:114 - Register for checkConnection events
2025-08-25 00:00:58,301 [FATAL] Updater:351 - Updater called before beeing initialized
2025-08-25 00:00:58,302 [ERROR] CADModel:125 - Updater not yet initialized, retry later 
2025-08-25 00:00:58,534 [FATAL] Updater:351 - Updater called before beeing initialized
2025-08-25 00:00:58,538 [INFO] CADModel:165 - CPN selected for project level
2025-08-25 00:00:58,538 [INFO] CADModel:114 - Register for checkConnection events
2025-08-25 00:00:58,538 [FATAL] Updater:351 - Updater called before beeing initialized
2025-08-25 00:00:58,538 [ERROR] CADModel:125 - Updater not yet initialized, retry later 
2025-08-25 00:00:58,544 [FATAL] Updater:351 - Updater called before beeing initialized
2025-08-25 00:00:58,712 [FATAL] Updater:351 - Updater called before beeing initialized
2025-08-25 00:00:58,716 [INFO] DbMcusAds:53 - JSON generation date=Tue Jul 08 15:14:23 ICT 2025 (1751962463582)
2025-08-25 00:00:58,716 [FATAL] Updater:351 - Updater called before beeing initialized
2025-08-25 00:00:58,775 [WARN] DetailPanel:346 - Failed to get advertising image, set to default
2025-08-25 00:00:58,895 [FATAL] Updater:351 - Updater called before beeing initialized
2025-08-25 00:00:58,899 [FATAL] Updater:351 - Updater called before beeing initialized
2025-08-25 00:00:58,899 [FATAL] Updater:351 - Updater called before beeing initialized
2025-08-25 00:00:58,899 [WARN] DetailPanel:346 - Failed to get advertising image, set to default
2025-08-25 00:00:58,900 [FATAL] Updater:351 - Updater called before beeing initialized
2025-08-25 00:00:58,957 [ERROR] Updater:1198 - MainUpdater not yet initialized. External WinMGr cannot be set.
2025-08-25 00:00:58,960 [INFO] Updater:1134 - Updater Version found : 6.15.0
2025-08-25 00:00:58,980 [INFO] ApplicationProperties:184 - Using Application install path: D:\STM32CubeIDE_1.19.0\STM32CubeIDE\plugins\com.st.stm32cube.common.mx_6.15.0.202507011659
2025-08-25 00:00:59,454 [INFO] MainUpdater:2872 - connection check result : 10
2025-08-25 00:00:59,456 [INFO] MainUpdater:289 - Updater Check For Update Now.
2025-08-25 00:00:59,456 [INFO] MicroXplorer:498 - Change Database Version : DB.6.0.150
2025-08-25 00:00:59,466 [INFO] McuFinderGlobals:63 - Set McuFinder mode to 2 (CubeIDE integrated)
2025-08-25 00:00:59,468 [INFO] UserAuth:171 - activating auth plugin
2025-08-25 00:00:59,473 [INFO] UserAuth:487 - Internet connection configuration mode: 1
2025-08-25 00:00:59,521 [INFO] JxBrowserEngine:152 - Initiate JxBrowser Engine with user profile folder
2025-08-25 00:00:59,705 [INFO] CheckServerUpdateThread:120 - End of CheckServer Thread
2025-08-25 00:01:00,207 [WARN] PackLoader:240 - Cannot read IP mode file for STMicroelectronics.FP-SNS-MOTENVWB1.1.4.0
2025-08-25 00:01:00,220 [WARN] PackLoader:240 - Cannot read IP mode file for STMicroelectronics.FP-ATR-ASTRA1.2.0.2
2025-08-25 00:01:00,232 [WARN] PackLoader:240 - Cannot read IP mode file for STMicroelectronics.X-CUBE-SMBUS.2.1.0
2025-08-25 00:01:00,239 [WARN] PackLoader:240 - Cannot read IP mode file for STMicroelectronics.X-CUBE-ST60.1.0.0
2025-08-25 00:01:00,277 [WARN] PackLoader:240 - Cannot read IP mode file for STMicroelectronics.X-CUBE-AZRTOS-F7.1.1.0
2025-08-25 00:01:00,294 [WARN] PackLoader:240 - Cannot read IP mode file for WES.I-CUBE-Cesium.1.4.0
2025-08-25 00:01:00,327 [WARN] PackLoader:240 - Cannot read IP mode file for Infineon.AIROC-Wi-Fi-Bluetooth-STM32.1.7.1
2025-08-25 00:01:00,363 [WARN] PackLoader:240 - Cannot read IP mode file for STMicroelectronics.X-CUBE-AZRTOS-H7.3.4.0
2025-08-25 00:01:00,376 [WARN] PackLoader:240 - Cannot read IP mode file for STMicroelectronics.X-CUBE-DISPLAY.3.0.0
2025-08-25 00:01:00,394 [WARN] PackLoader:240 - Cannot read IP mode file for STMicroelectronics.X-CUBE-NFC10.1.0.0
2025-08-25 00:01:00,403 [WARN] PackLoader:240 - Cannot read IP mode file for emotas.I-CUBE-CANOPEN.1.3.0
2025-08-25 00:01:00,414 [WARN] PackLoader:240 - Cannot read IP mode file for STMicroelectronics.FP-SNS-STBOX1.2.1.0
2025-08-25 00:01:00,428 [WARN] PackLoader:240 - Cannot read IP mode file for STMicroelectronics.FP-SNS-SMARTAG2.1.2.0
2025-08-25 00:01:00,435 [WARN] PackLoader:240 - Cannot read IP mode file for STMicroelectronics.FP-SNS-FLIGHT1.5.1.0
2025-08-25 00:01:00,448 [INFO] LogOutputStream:77 - [STDOUT_REDIRECT] 1 : Invalid condition id : UX_CORESTACK_Condition cause : null
2025-08-25 00:01:00,448 [INFO] LogOutputStream:77 - [STDOUT_REDIRECT] 1 : Invalid condition id : UX_CORESTACK_Condition cause : null
2025-08-25 00:01:00,449 [INFO] LogOutputStream:77 - [STDOUT_REDIRECT] 1 : Invalid condition id : UX_CORESTACK_Condition cause : null
2025-08-25 00:01:00,451 [INFO] LogOutputStream:77 - [STDOUT_REDIRECT] 1 : Invalid condition id : UX_CORESTACK_Condition cause : null
2025-08-25 00:01:00,452 [INFO] LogOutputStream:77 - [STDOUT_REDIRECT] 1 : Invalid condition id : UX_CORESTACK_Condition cause : null
2025-08-25 00:01:00,456 [WARN] PackLoader:240 - Cannot read IP mode file for STMicroelectronics.X-CUBE-AZRTOS-WL.2.0.0
2025-08-25 00:01:00,463 [WARN] PackLoader:240 - Cannot read IP mode file for STMicroelectronics.FP-SNS-MOTENV1.5.0.0
2025-08-25 00:01:00,473 [WARN] PackLoader:240 - Cannot read IP mode file for STMicroelectronics.X-CUBE-BLE2.3.3.0
2025-08-25 00:01:00,482 [WARN] PackLoader:240 - Cannot read IP mode file for STMicroelectronics.X-CUBE-NFC9.1.0.0
2025-08-25 00:01:00,492 [WARN] PackLoader:240 - Cannot read IP mode file for wolfSSL.I-CUBE-wolfSSL.5.8.2
2025-08-25 00:01:00,500 [WARN] PackLoader:240 - Cannot read IP mode file for STMicroelectronics.X-CUBE-BLE1.7.1.0
2025-08-25 00:01:00,505 [WARN] PackLoader:240 - Cannot read IP mode file for wolfSSL.I-CUBE-wolfMQTT.1.19.2
2025-08-25 00:01:00,514 [WARN] PackLoader:240 - Cannot read IP mode file for STMicroelectronics.X-CUBE-EEPRMA1.5.2.0
2025-08-25 00:01:00,533 [WARN] PackLoader:240 - Cannot read IP mode file for STMicroelectronics.X-CUBE-AZRTOS-G0.1.1.0
2025-08-25 00:01:00,544 [WARN] PackLoader:240 - Cannot read IP mode file for STMicroelectronics.X-CUBE-SAFEA1.1.2.2
2025-08-25 00:01:00,552 [WARN] PackLoader:240 - Cannot read IP mode file for STMicroelectronics.X-CUBE-NFC4.3.0.0
2025-08-25 00:01:00,563 [WARN] PackLoader:240 - Cannot read IP mode file for EmbeddedOffice.I-CUBE-FS-RTOS.1.0.1
2025-08-25 00:01:00,571 [WARN] PackLoader:240 - Cannot read IP mode file for STMicroelectronics.X-CUBE-WB05N.2.0.0
2025-08-25 00:01:00,578 [WARN] PackLoader:240 - Cannot read IP mode file for wolfSSL.I-CUBE-wolfTPM.3.8.0
2025-08-25 00:01:00,587 [WARN] PackLoader:240 - Cannot read IP mode file for STMicroelectronics.X-CUBE-TCPP.4.2.0
2025-08-25 00:01:00,595 [WARN] PackLoader:240 - Cannot read IP mode file for RealThread.X-CUBE-RT-Thread_Nano.4.1.1
2025-08-25 00:01:00,601 [WARN] PackLoader:240 - Cannot read IP mode file for STMicroelectronics.FP-ATR-SIGFOX1.3.2.0
2025-08-25 00:01:00,609 [WARN] PackLoader:240 - Cannot read IP mode file for ITTIA_DB.I-CUBE-ITTIADB.8.9.0
2025-08-25 00:01:00,618 [WARN] PackLoader:240 - Cannot read IP mode file for STMicroelectronics.X-CUBE-ST67W61.1.0.0
2025-08-25 00:01:00,624 [WARN] PackLoader:240 - Cannot read IP mode file for STMicroelectronics.X-CUBE-AI.10.2.0
2025-08-25 00:01:00,658 [WARN] PackLoader:240 - Cannot read IP mode file for SEGGER.I-CUBE-embOS.1.3.1
2025-08-25 00:01:00,818 [WARN] PackLoader:240 - Cannot read IP mode file for STMicroelectronics.X-CUBE-ALGOBUILD.1.4.0
2025-08-25 00:01:00,876 [WARN] PackLoader:240 - Cannot read IP mode file for STMicroelectronics.X-CUBE-MEMS1.11.3.0
2025-08-25 00:01:01,068 [WARN] PackLoader:240 - Cannot read IP mode file for STMicroelectronics.X-CUBE-TOUCHGFX.4.16.1
2025-08-25 00:01:01,236 [WARN] PackLoader:240 - Cannot read IP mode file for STMicroelectronics.X-CUBE-PM33A1.1.0.0
2025-08-25 00:01:01,306 [WARN] PackLoader:240 - Cannot read IP mode file for STMicroelectronics.X-CUBE-AZRTOS-F4.1.1.0
2025-08-25 00:01:01,325 [WARN] PackLoader:240 - Cannot read IP mode file for Avnet-IotConnect.X-CUBE-IoTC-DA16k-PMOD.1.0.0
2025-08-25 00:01:01,336 [WARN] PackLoader:240 - Cannot read IP mode file for STMicroelectronics.X-CUBE-ISPU.2.1.0
2025-08-25 00:01:01,348 [WARN] PackLoader:240 - Cannot read IP mode file for STMicroelectronics.X-CUBE-NFC12.1.0.0
2025-08-25 00:01:01,411 [WARN] PackLoader:240 - Cannot read IP mode file for STMicroelectronics.X-CUBE-AZRTOS-L5.2.0.0
2025-08-25 00:01:01,436 [WARN] PackLoader:240 - Cannot read IP mode file for STMicroelectronics.X-CUBE-NFC6.3.1.0
2025-08-25 00:01:01,455 [WARN] PackLoader:240 - Cannot read IP mode file for STMicroelectronics.X-CUBE-FREERTOS.1.3.1
2025-08-25 00:01:01,496 [WARN] PackLoader:240 - Cannot read IP mode file for STMicroelectronics.FP-SNS-STAIOTCFT.1.0.0
2025-08-25 00:01:01,510 [WARN] PackLoader:240 - Cannot read IP mode file for STMicroelectronics.X-CUBE-DPower.1.3.0
2025-08-25 00:01:01,539 [WARN] ConditionMgr:438 - getConditionDescription Invalid condition id : LAN8742 Phy interface Condition cause : null
2025-08-25 00:01:01,540 [WARN] PackLoader:240 - Cannot read IP mode file for STMicroelectronics.X-CUBE-AZRTOS-L4.2.0.0
2025-08-25 00:01:01,544 [WARN] ConditionMgr:1044 - genDependencies : Invalid condition id : LAN8742 Phy interface Condition cause : null
2025-08-25 00:01:01,545 [WARN] ConditionMgr:1044 - genDependencies : Invalid condition id : LAN8742 Phy interface Condition cause : null
2025-08-25 00:01:01,547 [WARN] ConditionMgr:1044 - genDependencies : Invalid condition id : LAN8742 Phy interface Condition cause : null
2025-08-25 00:01:01,559 [WARN] PackLoader:240 - Cannot read IP mode file for STMicroelectronics.X-CUBE-SFXS2LP1.4.0.0
2025-08-25 00:01:01,576 [WARN] PackLoader:240 - Cannot read IP mode file for STMicroelectronics.X-CUBE-BLEMGR.4.1.0
2025-08-25 00:01:01,601 [WARN] ConditionMgr:438 - getConditionDescription Invalid condition id : UX DEVICE CLASS RTOS Condition cause : null
2025-08-25 00:01:01,601 [WARN] ConditionMgr:438 - getConditionDescription Invalid condition id : UX DEVICE CLASS RTOS Condition cause : null
2025-08-25 00:01:01,604 [WARN] PackLoader:240 - Cannot read IP mode file for STMicroelectronics.X-CUBE-AZRTOS-WB.2.0.0
2025-08-25 00:01:01,604 [WARN] ConditionMgr:1044 - genDependencies : Invalid condition id : UX DEVICE CLASS RTOS Condition cause : null
2025-08-25 00:01:01,606 [WARN] ConditionMgr:1044 - genDependencies : Invalid condition id : UX DEVICE CLASS RTOS Condition cause : null
2025-08-25 00:01:01,607 [WARN] ConditionMgr:1044 - genDependencies : Invalid condition id : UX DEVICE CLASS RTOS Condition cause : null
2025-08-25 00:01:01,608 [WARN] ConditionMgr:1044 - genDependencies : Invalid condition id : UX DEVICE CLASS RTOS Condition cause : null
2025-08-25 00:01:01,608 [WARN] ConditionMgr:1044 - genDependencies : Invalid condition id : UX DEVICE CLASS RTOS Condition cause : null
2025-08-25 00:01:01,616 [WARN] PackLoader:240 - Cannot read IP mode file for STMicroelectronics.X-CUBE-GNSS1.7.0.1
2025-08-25 00:01:01,623 [WARN] PackLoader:240 - Cannot read IP mode file for STMicroelectronics.X-CUBE-TOUCHGFX.4.25.0
2025-08-25 00:01:01,630 [WARN] ConditionMgr:438 - getConditionDescription Invalid condition id : Cortex-A Device cause : null
2025-08-25 00:01:01,649 [WARN] ConditionMgr:1044 - genDependencies : Invalid condition id : Cortex-A Device cause : null
2025-08-25 00:01:01,649 [WARN] ConditionMgr:1044 - genDependencies : Invalid condition id : Cortex-A Device cause : null
2025-08-25 00:01:01,649 [WARN] ConditionMgr:1044 - genDependencies : Invalid condition id : Cortex-A Device cause : null
2025-08-25 00:01:01,661 [WARN] PackLoader:240 - Cannot read IP mode file for STMicroelectronics.X-CUBE-SUBG2.5.0.0
2025-08-25 00:01:01,687 [WARN] PackLoader:240 - Cannot read IP mode file for STMicroelectronics.X-CUBE-AZRTOS-H7RS.1.1.0
2025-08-25 00:01:01,699 [WARN] PackLoader:240 - Cannot read IP mode file for Cesanta.I-CUBE-Mongoose.7.13.0
2025-08-25 00:01:01,717 [WARN] PackLoader:240 - Cannot read IP mode file for STMicroelectronics.X-CUBE-AZRTOS-G4.2.0.0
2025-08-25 00:01:01,725 [WARN] PackLoader:240 - Cannot read IP mode file for wolfSSL.I-CUBE-wolfSSH.1.4.20
2025-08-25 00:01:01,726 [INFO] WebApp:169 - Instantiating new browser for Auth
2025-08-25 00:01:01,733 [WARN] PackLoader:240 - Cannot read IP mode file for STMicroelectronics.X-CUBE-NFC7.2.0.0
2025-08-25 00:01:01,802 [WARN] PackLoader:240 - Cannot read IP mode file for STMicroelectronics.X-CUBE-IPS.3.1.0
2025-08-25 00:01:01,828 [WARN] PackLoader:240 - Cannot read IP mode file for STMicroelectronics.X-CUBE-ALS.1.0.2
2025-08-25 00:01:01,840 [WARN] PackLoader:240 - Cannot read IP mode file for portGmbH.I-Cube-SoM-uGOAL.1.1.0
2025-08-25 00:01:01,855 [WARN] PackLoader:240 - Cannot read IP mode file for STMicroelectronics.X-CUBE-TOF1.3.4.3
2025-08-25 00:01:01,867 [INFO] ThirdParty:978 - Integrity check success = true
2025-08-25 00:01:01,867 [INFO] IntegrityCheckThread:100 - exiting critical section [integrity check]
2025-08-25 00:01:01,867 [INFO] IntegrityCheckThread:103 - End integrity checks thread
2025-08-25 00:01:02,761 [INFO] WebApp:463 - Apply proxy settings
2025-08-25 00:01:02,763 [INFO] WebApp:548 - Chromium requires no authentication
2025-08-25 00:01:02,774 [INFO] WebApp:491 - Direct internet connection detected
2025-08-25 00:01:02,812 [INFO] WebApp:900 - Register for checkConnection events
2025-08-25 00:01:02,812 [INFO] WebApp:463 - Apply proxy settings
2025-08-25 00:01:02,812 [INFO] WebApp:548 - Chromium requires no authentication
2025-08-25 00:01:02,814 [INFO] WebApp:491 - Direct internet connection detected
2025-08-25 00:01:03,043 [INFO] WebApp:225 - Starting web application
2025-08-25 00:01:03,044 [INFO] WebApp:593 - Web application path used D:\STM32CubeIDE_1.19.0\STM32CubeIDE\plugins\com.st.stm32cube.common.mx_6.15.0.202507011659\db\plugins\mcufinder\reactClient1\index.html
2025-08-25 00:01:03,186 [INFO] WebApp:191 - Connection restablished
2025-08-25 01:45:50,974 [INFO] WebApp:194 - Connection lost
2025-08-25 01:46:55,728 [INFO] WebApp:191 - Connection restablished
2025-08-25 01:46:57,822 [INFO] WebApp:194 - Connection lost
2025-08-25 01:46:57,953 [INFO] WebApp:191 - Connection restablished
2025-08-25 01:51:19,606 [INFO] WebApp:194 - Connection lost
2025-08-25 01:51:54,356 [INFO] WebApp:191 - Connection restablished
2025-08-25 01:51:56,314 [INFO] WebApp:194 - Connection lost
2025-08-25 01:51:56,436 [INFO] WebApp:191 - Connection restablished
2025-08-25 01:52:47,129 [INFO] WebApp:194 - Connection lost
2025-08-25 01:54:01,044 [INFO] WebApp:191 - Connection restablished
2025-08-25 01:54:03,315 [INFO] WebApp:194 - Connection lost
2025-08-25 01:54:03,461 [INFO] WebApp:191 - Connection restablished
2025-08-25 01:54:50,134 [INFO] WebApp:194 - Connection lost
2025-08-25 01:55:58,874 [INFO] WebApp:191 - Connection restablished
2025-08-25 01:56:00,828 [INFO] WebApp:194 - Connection lost
2025-08-25 01:56:00,941 [INFO] WebApp:191 - Connection restablished
2025-08-25 01:56:09,022 [INFO] WebApp:194 - Connection lost
2025-08-25 01:56:23,336 [INFO] WebApp:191 - Connection restablished
2025-08-25 01:56:25,332 [INFO] WebApp:194 - Connection lost
2025-08-25 01:56:25,448 [INFO] WebApp:191 - Connection restablished
2025-08-25 01:56:43,869 [INFO] WebApp:194 - Connection lost
2025-08-25 01:57:45,331 [INFO] WebApp:191 - Connection restablished
2025-08-25 01:57:46,516 [INFO] WebApp:194 - Connection lost
2025-08-25 01:57:46,635 [INFO] WebApp:191 - Connection restablished
2025-08-25 01:57:49,825 [INFO] WebApp:194 - Connection lost
2025-08-25 01:57:49,951 [INFO] WebApp:191 - Connection restablished
2025-08-25 01:58:00,908 [INFO] WebApp:194 - Connection lost
2025-08-25 01:59:11,193 [INFO] WebApp:191 - Connection restablished
2025-08-25 01:59:13,344 [INFO] WebApp:194 - Connection lost
2025-08-25 01:59:13,469 [INFO] WebApp:191 - Connection restablished
2025-08-25 02:02:12,327 [ERROR] LogOutputStream:75 - [STDERR_REDIRECT] 
